<?xml version="1.0" encoding="UTF-8"?>
<!-- Generated by org.testng.reporters.JUnitReportReporter -->
<testsuite hostname="Timyang-PC" name="cn.httpApitest.www.HttpApitest.TestHttpApi" tests="1" failures="0" timestamp="9 Nov 2017 08:03:41 GMT" time="0.439" errors="0">
  <testcase name="testPostByHttpClient" time="0.439" classname="cn.httpApitest.www.HttpApitest.TestHttpApi"/>
</testsuite> <!-- cn.httpApitest.www.HttpApitest.TestHttpApi -->
