<?xml version="1.0" encoding="UTF-8"?>
<!-- Generated by org.testng.reporters.JUnitReportReporter -->
<testsuite hostname="Timyang-PC" name="gaode.gaode.test.TestLogin" tests="1" failures="0" timestamp="20 Oct 2017 07:19:46 GMT" time="30.737" errors="0">
  <testcase name="testLogin2" time="30.737" classname="gaode.gaode.test.TestLogin"/>
</testsuite> <!-- gaode.gaode.test.TestLogin -->
