<?xml version="1.0" encoding="UTF-8"?>
<!-- Generated by org.testng.reporters.JUnitReportReporter -->
<testsuite hostname="Timyang-PC" name="gaode.gaode.test.TestRodeLine" tests="1" failures="0" timestamp="24 Oct 2017 07:58:23 GMT" time="35.346" errors="0">
  <testcase name="SearchLocation" time="35.346" classname="gaode.gaode.test.TestRodeLine"/>
</testsuite> <!-- gaode.gaode.test.TestRodeLine -->
