<?xml version="1.0" encoding="UTF-8"?>
<!-- Generated by org.testng.reporters.JUnitReportReporter -->
<testsuite hostname="Timyang-PC" name="meituan.meituan.test.RunAll" tests="1" failures="0" timestamp="4 Sep 2017 07:17:42 GMT" time="53.331" errors="0">
  <testcase name="rearch" time="53.331" classname="meituan.meituan.test.RunAll"/>
</testsuite> <!-- meituan.meituan.test.RunAll -->
