<?xml version="1.0" encoding="UTF-8"?>
<!-- Generated by org.testng.reporters.JUnitReportReporter -->
<testsuite hostname="Timyang-PC" name="gaode.gaode.test.TestSetting" tests="1" failures="0" timestamp="26 Sep 2017 03:42:58 GMT" time="16.915" errors="0">
  <testcase name="testSettingMap" time="16.915" classname="gaode.gaode.test.TestSetting"/>
</testsuite> <!-- gaode.gaode.test.TestSetting -->
