<?xml version="1.0" encoding="UTF-8"?>
<!-- Generated by org.testng.reporters.JUnitReportReporter -->
<testsuite hostname="Timyang-PC" name="gaode.gaode.test.TestLogin" tests="2" failures="0" timestamp="15 Sep 2017 07:48:20 GMT" time="59.128" errors="0">
  <testcase name="testLogin2" time="19.728" classname="gaode.gaode.test.TestLogin"/>
  <testcase name="testLogin1" time="39.400" classname="gaode.gaode.test.TestLogin"/>
</testsuite> <!-- gaode.gaode.test.TestLogin -->
